<?xml version="1.0" encoding="UTF-8"?>
<!-- Generated by org.testng.reporters.JUnitReportReporter -->
<testsuite skipped="0" hostname="LAPTOP-1E5OSFLE" name="RestAssured.RestAssured.GetAllIncidents" tests="1" failures="0" timestamp="13 Apr 2019 05:43:25 GMT" time="3.939" errors="0">
  <testcase name="getChangeRequests" time="3.939" classname="RestAssured.RestAssured.GetAllIncidents"/>
</testsuite> <!-- RestAssured.RestAssured.GetAllIncidents -->
