<?xml version="1.0" encoding="UTF-8"?>
<!-- Generated by org.testng.reporters.JUnitReportReporter -->
<testsuite skipped="0" hostname="LAPTOP-1E5OSFLE" name="RestAssured.RestAssured.work1" tests="1" failures="0" timestamp="06 Jun 2019 17:21:01 GMT" time="2.600" errors="0">
  <testcase name="pract" time="2.600" classname="RestAssured.RestAssured.work1"/>
</testsuite> <!-- RestAssured.RestAssured.work1 -->
