<?xml version="1.0" encoding="UTF-8"?>
<!-- Generated by org.testng.reporters.JUnitReportReporter -->
<testsuite skipped="0" hostname="LAPTOP-1E5OSFLE" name="RestAssured.RestAssured.Work2Post" tests="1" failures="0" timestamp="06 Jun 2019 17:23:49 GMT" time="1.746" errors="0">
  <testcase name="work2Post" time="1.746" classname="RestAssured.RestAssured.Work2Post"/>
</testsuite> <!-- RestAssured.RestAssured.Work2Post -->
