<?xml version="1.0" encoding="UTF-8"?>
<!-- Generated by org.testng.reporters.JUnitReportReporter -->
<testsuite skipped="0" hostname="LAPTOP-1E5OSFLE" name="MiniRailwayProject.SeatAvailability" tests="1" failures="0" timestamp="14 Apr 2019 11:01:32 GMT" time="4.101" errors="0">
  <testcase name="getTrainChair" time="4.101" classname="MiniRailwayProject.SeatAvailability"/>
</testsuite> <!-- MiniRailwayProject.SeatAvailability -->
