<?xml version="1.0" encoding="UTF-8"?>
<!-- Generated by org.testng.reporters.JUnitReportReporter -->
<testsuite skipped="0" hostname="LAPTOP-1E5OSFLE" name="RestAssured.RestAssured.PostandDataProviderConcept" tests="2" failures="0" timestamp="14 Apr 2019 06:36:05 GMT" time="6.364" errors="0">
  <testcase name="createChangeRequest" time="4.126" classname="RestAssured.RestAssured.PostandDataProviderConcept"/>
  <testcase name="createChangeRequest" time="2.238" classname="RestAssured.RestAssured.PostandDataProviderConcept"/>
</testsuite> <!-- RestAssured.RestAssured.PostandDataProviderConcept -->
