<?xml version="1.0" encoding="UTF-8"?>
<!-- Generated by org.testng.reporters.JUnitReportReporter -->
<testsuite skipped="0" hostname="LAPTOP-1E5OSFLE" name="RestAssured.RestAssured.Get_AllIncidentsJsonResponce_Count" tests="1" failures="0" timestamp="30 May 2019 03:58:03 GMT" time="8.839" errors="1">
  <testcase name="getChangeRequests" time="8.839" classname="RestAssured.RestAssured.Get_AllIncidentsJsonResponce_Count">
    <error type="io.restassured.path.json.exception.JsonPathException" message="Failed to parse the JSON document">
      <![CDATA[io.restassured.path.json.exception.JsonPathException: Failed to parse the JSON documentat io.restassured.path.json.JsonPath$ExceptionCatcher.invoke(JsonPath.java:986)at io.restassured.path.json.JsonPath$4.doParseWith(JsonPath.java:951)at io.restassured.path.json.JsonPath$JsonParser.parseWith(JsonPath.java:1031)at io.restassured.path.json.JsonPath.get(JsonPath.java:202)at io.restassured.path.json.JsonPath.getList(JsonPath.java:375)at RestAssured.RestAssured.Get_AllIncidentsJsonResponce_Count.getChangeRequests(Get_AllIncidentsJsonResponce_Count.java:38)at sun.reflect.NativeMethodAccessorImpl.invoke0(Native Method)at sun.reflect.NativeMethodAccessorImpl.invoke(NativeMethodAccessorImpl.java:62)at sun.reflect.DelegatingMethodAccessorImpl.invoke(DelegatingMethodAccessorImpl.java:43)at java.lang.reflect.Method.invoke(Method.java:483)at org.testng.internal.MethodInvocationHelper.invokeMethod(MethodInvocationHelper.java:124)at org.testng.internal.Invoker.invokeMethod(Invoker.java:571)at org.testng.internal.Invoker.invokeTestMethod(Invoker.java:707)at org.testng.internal.Invoker.invokeTestMethods(Invoker.java:979)at org.testng.internal.TestMethodWorker.invokeTestMethods(TestMethodWorker.java:125)at org.testng.internal.TestMethodWorker.run(TestMethodWorker.java:109)at org.testng.TestRunner.privateRun(TestRunner.java:648)at org.testng.TestRunner.run(TestRunner.java:505)at org.testng.SuiteRunner.runTest(SuiteRunner.java:455)at org.testng.SuiteRunner.runSequentially(SuiteRunner.java:450)at org.testng.SuiteRunner.privateRun(SuiteRunner.java:415)at org.testng.SuiteRunner.run(SuiteRunner.java:364)at org.testng.SuiteRunnerWorker.runSuite(SuiteRunnerWorker.java:52)at org.testng.SuiteRunnerWorker.run(SuiteRunnerWorker.java:84)at org.testng.TestNG.runSuitesSequentially(TestNG.java:1187)at org.testng.TestNG.runSuitesLocally(TestNG.java:1116)at org.testng.TestNG.runSuites(TestNG.java:1028)at org.testng.TestNG.run(TestNG.java:996)at org.testng.remote.AbstractRemoteTestNG.run(AbstractRemoteTestNG.java:114)at org.testng.remote.RemoteTestNG.initAndRun(RemoteTestNG.java:251)at org.testng.remote.RemoteTestNG.main(RemoteTestNG.java:77)Caused by: groovy.json.JsonException: Lexing failed on line: 1, column: 1, while reading '<', no possible valid JSON value or punctuation could be recognized.at groovy.json.JsonLexer.nextToken(JsonLexer.java:87)at groovy.json.JsonLexer$nextToken.call(Unknown Source)at org.codehaus.groovy.runtime.callsite.CallSiteArray.defaultCall(CallSiteArray.java:47)at org.codehaus.groovy.runtime.callsite.AbstractCallSite.call(AbstractCallSite.java:116)at org.codehaus.groovy.runtime.callsite.AbstractCallSite.call(AbstractCallSite.java:120)at io.restassured.internal.path.json.ConfigurableJsonSlurper.parse(ConfigurableJsonSlurper.groovy:97)at io.restassured.internal.path.json.ConfigurableJsonSlurper$parse.callCurrent(Unknown Source)at org.codehaus.groovy.runtime.callsite.CallSiteArray.defaultCallCurrent(CallSiteArray.java:51)at org.codehaus.groovy.runtime.callsite.AbstractCallSite.callCurrent(AbstractCallSite.java:157)at org.codehaus.groovy.runtime.callsite.AbstractCallSite.callCurrent(AbstractCallSite.java:169)at io.restassured.internal.path.json.ConfigurableJsonSlurper.parseText(ConfigurableJsonSlurper.groovy:83)at io.restassured.path.json.JsonPath$4$1.method(JsonPath.java:949)at io.restassured.path.json.JsonPath$ExceptionCatcher.invoke(JsonPath.java:984)... 30 more]]>
    </error>
  </testcase> <!-- getChangeRequests -->
</testsuite> <!-- RestAssured.RestAssured.Get_AllIncidentsJsonResponce_Count -->
