<?xml version="1.0" encoding="UTF-8"?>
<!-- Generated by org.testng.reporters.JUnitReportReporter -->
<testsuite skipped="0" hostname="LAPTOP-1E5OSFLE" name="RestAssured.RestAssured.GetIncidents" tests="1" failures="0" timestamp="13 Apr 2019 07:44:46 GMT" time="3.862" errors="0">
  <testcase name="getChangeRequests" time="3.862" classname="RestAssured.RestAssured.GetIncidents"/>
</testsuite> <!-- RestAssured.RestAssured.GetIncidents -->
