<?xml version="1.0" encoding="UTF-8"?>
<!-- Generated by org.testng.reporters.JUnitReportReporter -->
<testsuite skipped="0" hostname="LAPTOP-1E5OSFLE" name="MiniRailwayProject.BaseClass" tests="1" failures="0" timestamp="14 Apr 2019 11:56:05 GMT" time="0.772" errors="0">
  <testcase name="getChangeRequests" time="0.772" classname="MiniRailwayProject.BaseClass"/>
</testsuite> <!-- MiniRailwayProject.BaseClass -->
